webapp.fulihui.org/home/live/detail/912?LC=WWW.BAIDU.COM    [PV一共有：1次]
webapp.fulihui.org/home/task/detail/825?LC=WAQ_SS    [PV一共有：1次]
webapp.fulihui.org/home/fuli/1    [PV一共有：2次]
webapp.fulihui.org/home/task/detail/978?LC=WEI_XIN_WBY    [PV一共有：1次]
webapp.fulihui.org/home/fuli/    [PV一共有：1次]
webapp.fulihui.org/home/live/index    [PV一共有：1次]
webapp.fulihui.org/home/coupon/detail/341?LC=SADQQ_DWW    [PV一共有：1次]
webapp.fulihui.org/home/index/    [PV一共有：2次]
webapp.fulihui.org/home/task/detail/177?LC=ASDWQQ_SDAW    [PV一共有：1次]
webapp.fulihui.org/home/live/detail/845?LC=SADQQ_DWW    [PV一共有：1次]
webapp.fulihui.org/home/live/detail/135?LC=ASD_SADA    [PV一共有：1次]
webapp.fulihui.org/home/task/detail/502?LC=YAN_JIAN_KAI    [PV一共有：1次]
webapp.fulihui.org/home/live/detail/109?LC=YAN_JIAN_KAI    [PV一共有：1次]
webapp.fulihui.org/home/live/detail/984?LC=WAQ_SS    [PV一共有：1次]
webapp.fulihui.org/home/live/detail/746?LC=YAN_JIAN_KAI    [PV一共有：1次]
webapp.fulihui.org/home/live/detail/447?LC=WEI_XIN_WBY    [PV一共有：1次]
webapp.fulihui.org/home/task/detail/895?LC=null    [PV一共有：1次]
webapp.fulihui.org/home/live/detail/473?LC=BU_SA    [PV一共有：1次]
webapp.fulihui.org/home/live/detail/233?LC=LCK_WTA    [PV一共有：1次]
webapp.fulihui.org/home/coupon/detail/752?LC=null    [PV一共有：1次]
webapp.fulihui.org/home/task/detail/155?LC=WWW.BAIDU.COM    [PV一共有：1次]
webapp.fulihui.org/home/task/detail/172?LC=YAN_JIAN_KAI    [PV一共有：1次]
webapp.fulihui.org/home/task/detail/990?LC=BU_SA    [PV一共有：1次]
webapp.fulihui.org/home/live/detail/328?LC=BU_SA    [PV一共有：1次]
webapp.fulihui.org/home/coupon/detail/424?LC=WEI_XIN_WBY    [PV一共有：1次]
webapp.fulihui.org/home/coupon/detail/402?LC=ASDWQQ_SDAW    [PV一共有：1次]
webapp.fulihui.org/home/coupon/detail/230?LC=DAWAW_SDAW    [PV一共有：1次]
webapp.fulihui.org/home/coupon/detail/758?LC=BU_SA    [PV一共有：1次]
webapp.fulihui.org/home/task/detail/536?LC=WWW.BAIDU.COM    [PV一共有：1次]
webapp.fulihui.org/home/coupon/detail/451?LC=YAN_JIAN_KAI    [PV一共有：1次]
webapp.fulihui.org/home/coupon/detail/397?LC=null    [PV一共有：1次]
webapp.fulihui.org/home/task/detail/620?LC=WAQ_SS    [PV一共有：1次]
webapp.fulihui.org/home/task/detail/781?LC=YAN_JIAN_KAI    [PV一共有：1次]
webapp.fulihui.org/home/coupon/detail/299?LC=LCK_WTA    [PV一共有：1次]
webapp.fulihui.org/home/task/detail/626?LC=ASD_SADA    [PV一共有：1次]
webapp.fulihui.org/home/coupon/detail/516?LC=WEI_XIN_WBY    [PV一共有：1次]
webapp.fulihui.org/home/coupon/detail/268?LC=YAN_JIAN_KAI    [PV一共有：1次]
webapp.fulihui.org/home/coupon/detail/851?LC=SADQQ_DWW    [PV一共有：1次]
webapp.fulihui.org/home/coupon/detail/897?LC=WEI_XIN_WBY    [PV一共有：1次]
webapp.fulihui.org/home/coupon/detail/565?LC=BU_SA    [PV一共有：1次]
webapp.fulihui.org/home/task/detail/467?LC=WWW.BAIDU.COM    [PV一共有：1次]
webapp.fulihui.org/home/task/detail/450?LC=WAQ_SS    [PV一共有：1次]
webapp.fulihui.org/home/task/detail/478?LC=SADQQ_DWW    [PV一共有：1次]
webapp.fulihui.org/home/live/detail/830?LC=YAN_JIAN_KAI    [PV一共有：1次]
webapp.fulihui.org/home/live/detail/760?LC=WEI_XIN_WBY    [PV一共有：1次]
webapp.fulihui.org/home/live/detail/194?LC=ASDWQQ_SDAW    [PV一共有：1次]
webapp.fulihui.org/home/coupon/detail/277?LC=ASD_SADA    [PV一共有：1次]
webapp.fulihui.org/home/task/detail/954?LC=BU_SA    [PV一共有：1次]
webapp.fulihui.org/home/live/detail/411?LC=null    [PV一共有：1次]
webapp.fulihui.org/home/task/detail/756?LC=LCK_WTA    [PV一共有：1次]
webapp.fulihui.org/home/coupon/detail/198?LC=ASD_SADA    [PV一共有：1次]
webapp.fulihui.org/home/task/detail/588?LC=WAQ_SS    [PV一共有：1次]
webapp.fulihui.org/home/task/detail/785?LC=null    [PV一共有：1次]
webapp.fulihui.org/home/live/detail/712?LC=BU_SA    [PV一共有：1次]
webapp.fulihui.org/home/task/detail/362?LC=WWW.BAIDU.COM    [PV一共有：1次]
webapp.fulihui.org/home/coupon/detail/568?LC=DAWAW_SDAW    [PV一共有：1次]
webapp.fulihui.org/home/task/detail/694?LC=WAQ_SS    [PV一共有：1次]
webapp.fulihui.org/home/live/detail/602?LC=SADQQ_DWW    [PV一共有：1次]
webapp.fulihui.org/home/live/detail/918?LC=null    [PV一共有：1次]
webapp.fulihui.org/home/live/detail/189?LC=WWW.BAIDU.COM    [PV一共有：1次]
webapp.fulihui.org/home/coupon/detail/418?LC=LCK_WTA    [PV一共有：1次]
webapp.fulihui.org/home/coupon/detail/559?LC=WAQ_SS    [PV一共有：1次]
webapp.fulihui.org/home/coupon/detail/763?LC=WWW.BAIDU.COM    [PV一共有：1次]
webapp.fulihui.org/home/task/detail/448?LC=DAWAW_SDAW    [PV一共有：1次]
webapp.fulihui.org/home/live/detail/168?LC=DAWAW_SDAW    [PV一共有：1次]
webapp.fulihui.org/home/coupon/detail/562?LC=null    [PV一共有：1次]
webapp.fulihui.org/home/coupon/detail/174?LC=WWW.BAIDU.COM    [PV一共有：1次]
webapp.fulihui.org/home/live/detail/934?LC=null    [PV一共有：1次]
webapp.fulihui.org/home/coupon/detail/716?LC=null    [PV一共有：1次]
webapp.fulihui.org/home/task/detail/789?LC=WAQ_SS    [PV一共有：1次]
webapp.fulihui.org/home/coupon/detail/994?LC=WAQ_SS    [PV一共有：1次]
webapp.fulihui.org/home/task/detail/127?LC=LCK_WTA    [PV一共有：1次]
webapp.fulihui.org/home/coupon/detail/203?LC=ASDWQQ_SDAW    [PV一共有：1次]
webapp.fulihui.org/home/live/detail/292?LC=WAQ_SS    [PV一共有：1次]
webapp.fulihui.org/home/live/detail/178?LC=DAWAW_SDAW    [PV一共有：1次]
webapp.fulihui.org/home/task/detail/570?LC=YAN_JIAN_KAI    [PV一共有：1次]
webapp.fulihui.org/home/coupon/detail/738?LC=null    [PV一共有：1次]
webapp.fulihui.org/home/coupon/detail/782?LC=DAWAW_SDAW    [PV一共有：1次]
webapp.fulihui.org/home/coupon/detail/773?LC=WEI_XIN_WBY    [PV一共有：1次]
webapp.fulihui.org/home/task/detail/889?LC=YAN_JIAN_KAI    [PV一共有：1次]
webapp.fulihui.org/home/task/detail/517?LC=LCK_WTA    [PV一共有：1次]
webapp.fulihui.org/home/coupon/detail/708?LC=WWW.BAIDU.COM    [PV一共有：1次]
webapp.fulihui.org/home/coupon/detail/869?LC=WEI_XIN_WBY    [PV一共有：1次]
webapp.fulihui.org/home/live/detail/180?LC=ASDWQQ_SDAW    [PV一共有：1次]
webapp.fulihui.org/home/task/detail/187?LC=YAN_JIAN_KAI    [PV一共有：1次]
webapp.fulihui.org/home/task/detail/944?LC=ASD_SADA    [PV一共有：1次]
webapp.fulihui.org/home/coupon/detail/231?LC=DAWAW_SDAW    [PV一共有：1次]
webapp.fulihui.org/home/task/detail/506?LC=BU_SA    [PV一共有：1次]
webapp.fulihui.org/home/live/detail/735?LC=WEI_XIN_WBY    [PV一共有：1次]
webapp.fulihui.org/home/coupon/detail/459?LC=DAWAW_SDAW    [PV一共有：1次]
webapp.fulihui.org/home/live/detail/732?LC=WAQ_SS    [PV一共有：1次]
webapp.fulihui.org/home/coupon/detail/284?LC=LCK_WTA    [PV一共有：1次]
webapp.fulihui.org/home/live/detail/750?LC=WWW.BAIDU.COM    [PV一共有：1次]
webapp.fulihui.org/home/task/detail/564?LC=LCK_WTA    [PV一共有：1次]
webapp.fulihui.org/home/live/detail/993?LC=null    [PV一共有：1次]
webapp.fulihui.org/home/task/detail/806?LC=WEI_XIN_WBY    [PV一共有：1次]
webapp.fulihui.org/home/task/detail/855?LC=null    [PV一共有：1次]
webapp.fulihui.org/home/coupon/detail/324?LC=WWW.BAIDU.COM    [PV一共有：1次]
webapp.fulihui.org/home/live/detail/717?LC=YAN_JIAN_KAI    [PV一共有：1次]
webapp.fulihui.org/home/live/detail/566?LC=SADQQ_DWW    [PV一共有：1次]
webapp.fulihui.org/home/task/detail/642?LC=null    [PV一共有：1次]
webapp.fulihui.org/home/coupon/detail/753?LC=WWW.BAIDU.COM    [PV一共有：1次]
webapp.fulihui.org/home/live/detail/856?LC=DAWAW_SDAW    [PV一共有：1次]
webapp.fulihui.org/home/coupon/detail/764?LC=SADQQ_DWW    [PV一共有：1次]
webapp.fulihui.org/home/task/detail/229?LC=SADQQ_DWW    [PV一共有：1次]
webapp.fulihui.org/home/live/detail/744?LC=ASDWQQ_SDAW    [PV一共有：1次]
webapp.fulihui.org/home/live/detail/123?LC=LCK_WTA    [PV一共有：1次]
webapp.fulihui.org/home/task/detail/170?LC=WEI_XIN_WBY    [PV一共有：1次]
webapp.fulihui.org/home/task/detail/150?LC=YAN_JIAN_KAI    [PV一共有：1次]
webapp.fulihui.org/home/task/detail/107?LC=SADQQ_DWW    [PV一共有：1次]
webapp.fulihui.org/home/coupon/detail/953?LC=LCK_WTA    [PV一共有：1次]
webapp.fulihui.org/home/live/detail/857?LC=LCK_WTA    [PV一共有：1次]
webapp.fulihui.org/home/live/detail/210?LC=ASDWQQ_SDAW    [PV一共有：2次]
webapp.fulihui.org/home/coupon/detail/251?LC=ASD_SADA    [PV一共有：1次]
webapp.fulihui.org/home/task/detail/469?LC=WAQ_SS    [PV一共有：1次]
webapp.fulihui.org/home/live/detail/144?LC=WAQ_SS    [PV一共有：1次]
webapp.fulihui.org/home/coupon/detail/597?LC=ASDWQQ_SDAW    [PV一共有：1次]
webapp.fulihui.org/home/coupon/detail/139?LC=WWW.BAIDU.COM    [PV一共有：1次]
webapp.fulihui.org/home/coupon/detail/353?LC=null    [PV一共有：1次]
webapp.fulihui.org/home/task/detail/555?LC=YAN_JIAN_KAI    [PV一共有：1次]
webapp.fulihui.org/home/task/detail/495?LC=YAN_JIAN_KAI    [PV一共有：1次]
webapp.fulihui.org/home/task/detail/964?LC=ASDWQQ_SDAW    [PV一共有：1次]
webapp.fulihui.org/home/task/detail/706?LC=DAWAW_SDAW    [PV一共有：1次]
webapp.fulihui.org/home/task/detail/430?LC=DAWAW_SDAW    [PV一共有：1次]
webapp.fulihui.org/home/live/detail/240?LC=WWW.BAIDU.COM    [PV一共有：1次]
webapp.fulihui.org/home/live/detail/535?LC=SADQQ_DWW    [PV一共有：1次]
webapp.fulihui.org/home/task/detail/117?LC=ASD_SADA    [PV一共有：1次]
webapp.fulihui.org/home/task/detail/362?LC=BU_SA    [PV一共有：1次]
webapp.fulihui.org/home/live/detail/543?LC=SADQQ_DWW    [PV一共有：1次]
webapp.fulihui.org/home/coupon/detail/598?LC=WAQ_SS    [PV一共有：1次]
webapp.fulihui.org/home/live/detail/429?LC=LCK_WTA    [PV一共有：1次]
webapp.fulihui.org/home/task/detail/627?LC=LCK_WTA    [PV一共有：1次]
webapp.fulihui.org/home/task/detail/476?LC=LCK_WTA    [PV一共有：1次]
webapp.fulihui.org/home/coupon/detail/271?LC=ASD_SADA    [PV一共有：1次]
webapp.fulihui.org/home/task/detail/659?LC=YAN_JIAN_KAI    [PV一共有：1次]
webapp.fulihui.org/home/coupon/detail/613?LC=SADQQ_DWW    [PV一共有：1次]
webapp.fulihui.org/home/task/detail/125?LC=ASDWQQ_SDAW    [PV一共有：1次]
webapp.fulihui.org/home/task/detail/943?LC=WAQ_SS    [PV一共有：1次]
webapp.fulihui.org/home/coupon/detail/246?LC=null    [PV一共有：1次]
webapp.fulihui.org/home/task/detail/418?LC=ASD_SADA    [PV一共有：1次]
webapp.fulihui.org/home/live/detail/160?LC=ASD_SADA    [PV一共有：1次]
webapp.fulihui.org/home/live/detail/702?LC=DAWAW_SDAW    [PV一共有：1次]
webapp.fulihui.org/home/live/detail/658?LC=ASD_SADA    [PV一共有：1次]
webapp.fulihui.org/home/coupon/detail/173?LC=WEI_XIN_WBY    [PV一共有：1次]
webapp.fulihui.org/home/live/detail/554?LC=ASD_SADA    [PV一共有：1次]
webapp.fulihui.org/home/live/detail/604?LC=SADQQ_DWW    [PV一共有：1次]
webapp.fulihui.org/home/coupon/detail/653?LC=LCK_WTA    [PV一共有：1次]
webapp.fulihui.org/home/coupon/detail/603?LC=WAQ_SS    [PV一共有：1次]
webapp.fulihui.org/home/coupon/detail/313?LC=WAQ_SS    [PV一共有：1次]
webapp.fulihui.org/home/task/detail/275?LC=YAN_JIAN_KAI    [PV一共有：1次]
webapp.fulihui.org/home/live/detail/146?LC=YAN_JIAN_KAI    [PV一共有：1次]
webapp.fulihui.org/home/task/detail/393?LC=BU_SA    [PV一共有：1次]
webapp.fulihui.org/home/live/detail/432?LC=WWW.BAIDU.COM    [PV一共有：1次]
webapp.fulihui.org/home/coupon/detail/685?LC=WAQ_SS    [PV一共有：1次]
webapp.fulihui.org/home/live/detail/824?LC=WWW.BAIDU.COM    [PV一共有：1次]
webapp.fulihui.org/home/coupon/detail/300?LC=ASDWQQ_SDAW    [PV一共有：1次]
webapp.fulihui.org/home/task/detail/736?LC=WEI_XIN_WBY    [PV一共有：1次]
webapp.fulihui.org/home/task/detail/901?LC=SADQQ_DWW    [PV一共有：1次]
webapp.fulihui.org/home/live/detail/718?LC=WWW.BAIDU.COM    [PV一共有：1次]
webapp.fulihui.org/home/live/detail/913?LC=YAN_JIAN_KAI    [PV一共有：1次]
webapp.fulihui.org/home/task/detail/937?LC=YAN_JIAN_KAI    [PV一共有：1次]
webapp.fulihui.org/home/live/detail/736?LC=ASD_SADA    [PV一共有：1次]
webapp.fulihui.org/home/task/detail/765?LC=YAN_JIAN_KAI    [PV一共有：1次]
webapp.fulihui.org/home/task/detail/893?LC=YAN_JIAN_KAI    [PV一共有：1次]
webapp.fulihui.org/home/live/detail/549?LC=LCK_WTA    [PV一共有：1次]
webapp.fulihui.org/home/coupon/detail/904?LC=WWW.BAIDU.COM    [PV一共有：1次]
webapp.fulihui.org/home/live/detail/618?LC=SADQQ_DWW    [PV一共有：1次]
webapp.fulihui.org/home/live/detail/218?LC=DAWAW_SDAW    [PV一共有：1次]
webapp.fulihui.org/home/task/detail/874?LC=WWW.BAIDU.COM    [PV一共有：1次]
webapp.fulihui.org/home/coupon/detail/536?LC=YAN_JIAN_KAI    [PV一共有：2次]
webapp.fulihui.org/home/coupon/detail/384?LC=WEI_XIN_WBY    [PV一共有：1次]
webapp.fulihui.org/home/live/detail/169?LC=SADQQ_DWW    [PV一共有：1次]
webapp.fulihui.org/home/task/detail/479?LC=ASDWQQ_SDAW    [PV一共有：1次]
webapp.fulihui.org/home/coupon/detail/923?LC=ASD_SADA    [PV一共有：1次]
webapp.fulihui.org/home/coupon/detail/871?LC=WWW.BAIDU.COM    [PV一共有：1次]
webapp.fulihui.org/home/task/detail/875?LC=WWW.BAIDU.COM    [PV一共有：1次]
webapp.fulihui.org/home/live/detail/906?LC=null    [PV一共有：1次]
webapp.fulihui.org/home/task/detail/190?LC=YAN_JIAN_KAI    [PV一共有：1次]
webapp.fulihui.org/home/task/detail/587?LC=null    [PV一共有：1次]
webapp.fulihui.org/home/task/detail/481?LC=WWW.BAIDU.COM    [PV一共有：1次]
webapp.fulihui.org/home/task/detail/374?LC=SADQQ_DWW    [PV一共有：1次]
webapp.fulihui.org/home/coupon/detail/719?LC=BU_SA    [PV一共有：1次]
webapp.fulihui.org/home/task/detail/593?LC=BU_SA    [PV一共有：1次]
webapp.fulihui.org/home/task/detail/851?LC=SADQQ_DWW    [PV一共有：1次]
webapp.fulihui.org/home/task/detail/358?LC=LCK_WTA    [PV一共有：1次]
webapp.fulihui.org/home/live/detail/861?LC=ASDWQQ_SDAW    [PV一共有：1次]
webapp.fulihui.org/home/live/index    [PV一共有：143次]
webapp.fulihui.org/home/coupon/detail/472?LC=BU_SA    [PV一共有：1次]
webapp.fulihui.org/home/coupon/detail/414?LC=BU_SA    [PV一共有：1次]
webapp.fulihui.org/home/coupon/detail/576?LC=YAN_JIAN_KAI    [PV一共有：1次]
webapp.fulihui.org/home/live/detail/641?LC=ASD_SADA    [PV一共有：1次]
webapp.fulihui.org/home/live/detail/955?LC=BU_SA    [PV一共有：1次]
webapp.fulihui.org/home/coupon/detail/124?LC=null    [PV一共有：1次]
webapp.fulihui.org/home/fuli/1    [PV一共有：148次]
webapp.fulihui.org/home/coupon/detail/723?LC=LCK_WTA    [PV一共有：1次]
webapp.fulihui.org/home/coupon/detail/878?LC=ASD_SADA    [PV一共有：1次]
webapp.fulihui.org/home/task/detail/184?LC=BU_SA    [PV一共有：1次]
webapp.fulihui.org/home/coupon/detail/917?LC=ASD_SADA    [PV一共有：1次]
webapp.fulihui.org/home/live/detail/976?LC=WAQ_SS    [PV一共有：1次]
webapp.fulihui.org/home/live/detail/353?LC=null    [PV一共有：1次]
webapp.fulihui.org/home/coupon/detail/923?LC=null    [PV一共有：1次]
webapp.fulihui.org/home/live/detail/913?LC=WEI_XIN_WBY    [PV一共有：1次]
webapp.fulihui.org/home/live/detail/134?LC=null    [PV一共有：1次]
webapp.fulihui.org/home/coupon/detail/175?LC=YAN_JIAN_KAI    [PV一共有：1次]
webapp.fulihui.org/home/live/detail/593?LC=LCK_WTA    [PV一共有：1次]
webapp.fulihui.org/home/task/detail/935?LC=ASD_SADA    [PV一共有：1次]
webapp.fulihui.org/home/task/detail/567?LC=WAQ_SS    [PV一共有：1次]
webapp.fulihui.org/home/task/detail/696?LC=WAQ_SS    [PV一共有：1次]
webapp.fulihui.org/home/coupon/detail/537?LC=LCK_WTA    [PV一共有：1次]
webapp.fulihui.org/home/live/detail/530?LC=DAWAW_SDAW    [PV一共有：1次]
webapp.fulihui.org/home/coupon/detail/654?LC=SADQQ_DWW    [PV一共有：1次]
webapp.fulihui.org/home/coupon/detail/390?LC=BU_SA    [PV一共有：1次]
webapp.fulihui.org/home/coupon/detail/174?LC=WEI_XIN_WBY    [PV一共有：1次]
webapp.fulihui.org/home/task/detail/540?LC=YAN_JIAN_KAI    [PV一共有：1次]
webapp.fulihui.org/home/task/detail/585?LC=SADQQ_DWW    [PV一共有：1次]
webapp.fulihui.org/home/task/detail/183?LC=WAQ_SS    [PV一共有：1次]
webapp.fulihui.org/home/live/detail/138?LC=YAN_JIAN_KAI    [PV一共有：1次]
webapp.fulihui.org/home/task/detail/632?LC=DAWAW_SDAW    [PV一共有：1次]
webapp.fulihui.org/home/live/detail/505?LC=WAQ_SS    [PV一共有：1次]
webapp.fulihui.org/home/coupon/detail/125?LC=YAN_JIAN_KAI    [PV一共有：1次]
webapp.fulihui.org/home/task/detail/945?LC=null    [PV一共有：1次]
webapp.fulihui.org/home/live/detail/110?LC=BU_SA    [PV一共有：1次]
webapp.fulihui.org/home/coupon/detail/215?LC=WAQ_SS    [PV一共有：1次]
webapp.fulihui.org/home/live/detail/938?LC=BU_SA    [PV一共有：1次]
webapp.fulihui.org/home/task/detail/695?LC=WWW.BAIDU.COM    [PV一共有：1次]
webapp.fulihui.org/home/live/detail/513?LC=LCK_WTA    [PV一共有：1次]
webapp.fulihui.org/home/live/detail/454?LC=ASDWQQ_SDAW    [PV一共有：1次]
webapp.fulihui.org/home/live/detail/939?LC=SADQQ_DWW    [PV一共有：1次]
webapp.fulihui.org/home/live/detail/647?LC=SADQQ_DWW    [PV一共有：1次]
webapp.fulihui.org/home/task/detail/194?LC=null    [PV一共有：1次]
webapp.fulihui.org/home/live/detail/165?LC=BU_SA    [PV一共有：1次]
webapp.fulihui.org/home/live/detail/702?LC=null    [PV一共有：1次]
webapp.fulihui.org/home/live/detail/544?LC=BU_SA    [PV一共有：1次]
webapp.fulihui.org/home/coupon/detail/323?LC=ASDWQQ_SDAW    [PV一共有：1次]
webapp.fulihui.org/home/coupon/detail/340?LC=null    [PV一共有：1次]
webapp.fulihui.org/home/coupon/detail/724?LC=WAQ_SS    [PV一共有：1次]
webapp.fulihui.org/home/coupon/detail/526?LC=ASDWQQ_SDAW    [PV一共有：1次]
webapp.fulihui.org/home/coupon/detail/887?LC=WEI_XIN_WBY    [PV一共有：1次]
webapp.fulihui.org/home/coupon/detail/389?LC=null    [PV一共有：1次]
webapp.fulihui.org/home/task/detail/287?LC=ASD_SADA    [PV一共有：1次]
webapp.fulihui.org/home/task/detail/489?LC=YAN_JIAN_KAI    [PV一共有：1次]
webapp.fulihui.org/home/index/    [PV一共有：140次]
webapp.fulihui.org/home/live/detail/335?LC=WWW.BAIDU.COM    [PV一共有：1次]
webapp.fulihui.org/home/coupon/detail/886?LC=LCK_WTA    [PV一共有：1次]
webapp.fulihui.org/home/live/detail/184?LC=YAN_JIAN_KAI    [PV一共有：1次]
webapp.fulihui.org/home/coupon/detail/347?LC=null    [PV一共有：1次]
webapp.fulihui.org/home/live/detail/839?LC=LCK_WTA    [PV一共有：1次]
webapp.fulihui.org/home/coupon/detail/159?LC=WAQ_SS    [PV一共有：1次]
webapp.fulihui.org/home/coupon/detail/552?LC=YAN_JIAN_KAI    [PV一共有：1次]
webapp.fulihui.org/home/live/detail/637?LC=ASD_SADA    [PV一共有：1次]
webapp.fulihui.org/home/live/detail/464?LC=ASD_SADA    [PV一共有：1次]
webapp.fulihui.org/home/live/detail/425?LC=null    [PV一共有：1次]
webapp.fulihui.org/home/task/detail/503?LC=YAN_JIAN_KAI    [PV一共有：1次]
webapp.fulihui.org/home/live/detail/644?LC=LCK_WTA    [PV一共有：1次]
webapp.fulihui.org/home/task/detail/454?LC=LCK_WTA    [PV一共有：1次]
webapp.fulihui.org/home/task/detail/212?LC=YAN_JIAN_KAI    [PV一共有：1次]
webapp.fulihui.org/home/coupon/detail/804?LC=LCK_WTA    [PV一共有：1次]
webapp.fulihui.org/home/task/detail/694?LC=WWW.BAIDU.COM    [PV一共有：1次]
webapp.fulihui.org/home/live/detail/508?LC=ASD_SADA    [PV一共有：1次]
webapp.fulihui.org/home/coupon/detail/776?LC=ASDWQQ_SDAW    [PV一共有：1次]
webapp.fulihui.org/home/coupon/detail/585?LC=ASDWQQ_SDAW    [PV一共有：1次]
webapp.fulihui.org/home/task/detail/274?LC=DAWAW_SDAW    [PV一共有：1次]
webapp.fulihui.org/home/task/detail/718?LC=WEI_XIN_WBY    [PV一共有：1次]
webapp.fulihui.org/home/task/detail/807?LC=ASDWQQ_SDAW    [PV一共有：1次]
webapp.fulihui.org/home/coupon/detail/734?LC=WWW.BAIDU.COM    [PV一共有：1次]
webapp.fulihui.org/home/live/detail/820?LC=null    [PV一共有：1次]
webapp.fulihui.org/home/task/detail/902?LC=YAN_JIAN_KAI    [PV一共有：1次]
webapp.fulihui.org/home/live/detail/328?LC=WEI_XIN_WBY    [PV一共有：1次]
webapp.fulihui.org/home/coupon/detail/149?LC=null    [PV一共有：1次]
webapp.fulihui.org/home/coupon/detail/937?LC=LCK_WTA    [PV一共有：1次]
webapp.fulihui.org/home/live/detail/869?LC=ASDWQQ_SDAW    [PV一共有：1次]
webapp.fulihui.org/home/coupon/detail/349?LC=DAWAW_SDAW    [PV一共有：1次]
webapp.fulihui.org/home/task/detail/467?LC=YAN_JIAN_KAI    [PV一共有：1次]
webapp.fulihui.org/home/coupon/detail/543?LC=DAWAW_SDAW    [PV一共有：1次]
webapp.fulihui.org/home/live/detail/664?LC=WAQ_SS    [PV一共有：1次]
webapp.fulihui.org/home/coupon/detail/841?LC=DAWAW_SDAW    [PV一共有：1次]
webapp.fulihui.org/home/task/detail/750?LC=BU_SA    [PV一共有：1次]
webapp.fulihui.org/home/live/detail/921?LC=BU_SA    [PV一共有：1次]
webapp.fulihui.org/home/task/detail/255?LC=DAWAW_SDAW    [PV一共有：1次]
webapp.fulihui.org/home/live/detail/746?LC=LCK_WTA    [PV一共有：1次]
webapp.fulihui.org/home/live/detail/422?LC=DAWAW_SDAW    [PV一共有：1次]
webapp.fulihui.org/home/coupon/detail/106?LC=WEI_XIN_WBY    [PV一共有：1次]
webapp.fulihui.org/home/task/detail/261?LC=SADQQ_DWW    [PV一共有：1次]
webapp.fulihui.org/home/task/detail/462?LC=DAWAW_SDAW    [PV一共有：1次]
webapp.fulihui.org/home/live/detail/131?LC=ASD_SADA    [PV一共有：1次]
webapp.fulihui.org/home/live/detail/369?LC=SADQQ_DWW    [PV一共有：1次]
webapp.fulihui.org/home/coupon/detail/391?LC=YAN_JIAN_KAI    [PV一共有：1次]
webapp.fulihui.org/home/coupon/detail/910?LC=null    [PV一共有：1次]
webapp.fulihui.org/home/coupon/detail/654?LC=YAN_JIAN_KAI    [PV一共有：1次]
webapp.fulihui.org/home/task/detail/581?LC=DAWAW_SDAW    [PV一共有：1次]
webapp.fulihui.org/home/live/detail/464?LC=WEI_XIN_WBY    [PV一共有：1次]
webapp.fulihui.org/home/live/detail/623?LC=YAN_JIAN_KAI    [PV一共有：1次]
webapp.fulihui.org/home/task/detail/727?LC=ASDWQQ_SDAW    [PV一共有：1次]
webapp.fulihui.org/home/coupon/detail/356?LC=WEI_XIN_WBY    [PV一共有：1次]
webapp.fulihui.org/home/coupon/detail/185?LC=YAN_JIAN_KAI    [PV一共有：1次]
webapp.fulihui.org/home/coupon/detail/269?LC=ASDWQQ_SDAW    [PV一共有：1次]
webapp.fulihui.org/home/coupon/detail/612?LC=null    [PV一共有：1次]
webapp.fulihui.org/home/task/detail/204?LC=SADQQ_DWW    [PV一共有：1次]
webapp.fulihui.org/home/task/detail/448?LC=WAQ_SS    [PV一共有：1次]
webapp.fulihui.org/home/live/detail/809?LC=YAN_JIAN_KAI    [PV一共有：1次]
webapp.fulihui.org/home/coupon/detail/875?LC=SADQQ_DWW    [PV一共有：1次]
webapp.fulihui.org/home/coupon/detail/753?LC=LCK_WTA    [PV一共有：1次]
webapp.fulihui.org/home/task/detail/140?LC=YAN_JIAN_KAI    [PV一共有：1次]
webapp.fulihui.org/home/coupon/detail/287?LC=WWW.BAIDU.COM    [PV一共有：1次]
webapp.fulihui.org/home/coupon/detail/643?LC=DAWAW_SDAW    [PV一共有：1次]
webapp.fulihui.org/home/live/detail/133?LC=ASDWQQ_SDAW    [PV一共有：1次]
webapp.fulihui.org/home/coupon/detail/455?LC=DAWAW_SDAW    [PV一共有：1次]
webapp.fulihui.org/home/task/detail/702?LC=WAQ_SS    [PV一共有：1次]
webapp.fulihui.org/home/task/detail/268?LC=YAN_JIAN_KAI    [PV一共有：1次]
webapp.fulihui.org/home/task/detail/625?LC=WAQ_SS    [PV一共有：1次]
webapp.fulihui.org/home/coupon/detail/298?LC=WAQ_SS    [PV一共有：1次]
webapp.fulihui.org/home/live/detail/545?LC=WEI_XIN_WBY    [PV一共有：1次]
webapp.fulihui.org/home/task/detail/430?LC=BU_SA    [PV一共有：1次]
webapp.fulihui.org/home/task/detail/469?LC=BU_SA    [PV一共有：1次]
webapp.fulihui.org/home/live/detail/527?LC=WWW.BAIDU.COM    [PV一共有：1次]
webapp.fulihui.org/home/live/detail/236?LC=WEI_XIN_WBY    [PV一共有：1次]
webapp.fulihui.org/home/task/detail/751?LC=null    [PV一共有：1次]
webapp.fulihui.org/home/live/detail/222?LC=WWW.BAIDU.COM    [PV一共有：1次]
webapp.fulihui.org/home/live/detail/908?LC=ASD_SADA    [PV一共有：1次]
webapp.fulihui.org/home/task/detail/356?LC=WEI_XIN_WBY    [PV一共有：1次]
webapp.fulihui.org/home/live/detail/337?LC=BU_SA    [PV一共有：1次]
webapp.fulihui.org/home/task/detail/225?LC=ASD_SADA    [PV一共有：1次]
webapp.fulihui.org/home/task/detail/172?LC=null    [PV一共有：1次]
webapp.fulihui.org/home/coupon/detail/152?LC=ASD_SADA    [PV一共有：1次]
webapp.fulihui.org/home/live/detail/989?LC=WAQ_SS    [PV一共有：1次]
webapp.fulihui.org/home/live/detail/696?LC=SADQQ_DWW    [PV一共有：1次]
webapp.fulihui.org/home/live/detail/479?LC=SADQQ_DWW    [PV一共有：1次]
webapp.fulihui.org/home/task/detail/230?LC=WEI_XIN_WBY    [PV一共有：1次]
webapp.fulihui.org/home/task/detail/293?LC=BU_SA    [PV一共有：1次]
webapp.fulihui.org/home/coupon/detail/110?LC=WAQ_SS    [PV一共有：1次]
webapp.fulihui.org/home/live/detail/134?LC=WEI_XIN_WBY    [PV一共有：1次]
webapp.fulihui.org/home/coupon/detail/748?LC=LCK_WTA    [PV一共有：1次]
webapp.fulihui.org/home/task/detail/809?LC=LCK_WTA    [PV一共有：1次]
webapp.fulihui.org/home/coupon/detail/999?LC=SADQQ_DWW    [PV一共有：1次]
webapp.fulihui.org/home/task/detail/627?LC=BU_SA    [PV一共有：1次]
webapp.fulihui.org/home/coupon/detail/137?LC=ASD_SADA    [PV一共有：1次]
webapp.fulihui.org/home/fuli/    [PV一共有：139次]
webapp.fulihui.org/home/task/detail/546?LC=LCK_WTA    [PV一共有：1次]
webapp.fulihui.org/home/coupon/detail/886?LC=ASDWQQ_SDAW    [PV一共有：1次]
webapp.fulihui.org/home/coupon/detail/673?LC=WEI_XIN_WBY    [PV一共有：1次]
webapp.fulihui.org/home/live/detail/953?LC=LCK_WTA    [PV一共有：1次]
webapp.fulihui.org/home/task/detail/873?LC=WEI_XIN_WBY    [PV一共有：1次]
webapp.fulihui.org/home/task/detail/298?LC=BU_SA    [PV一共有：1次]
webapp.fulihui.org/home/live/detail/164?LC=null    [PV一共有：1次]
webapp.fulihui.org/home/task/detail/315?LC=null    [PV一共有：1次]
webapp.fulihui.org/home/coupon/detail/959?LC=DAWAW_SDAW    [PV一共有：1次]
webapp.fulihui.org/home/live/detail/326?LC=LCK_WTA    [PV一共有：1次]
webapp.fulihui.org/home/coupon/detail/487?LC=ASD_SADA    [PV一共有：1次]
webapp.fulihui.org/home/coupon/detail/956?LC=WAQ_SS    [PV一共有：1次]
webapp.fulihui.org/home/coupon/detail/523?LC=ASDWQQ_SDAW    [PV一共有：1次]
webapp.fulihui.org/home/task/detail/592?LC=WAQ_SS    [PV一共有：1次]
webapp.fulihui.org/home/live/detail/966?LC=BU_SA    [PV一共有：1次]
webapp.fulihui.org/home/coupon/detail/923?LC=WAQ_SS    [PV一共有：1次]
webapp.fulihui.org/home/live/detail/668?LC=YAN_JIAN_KAI    [PV一共有：1次]
webapp.fulihui.org/home/coupon/detail/110?LC=ASDWQQ_SDAW    [PV一共有：1次]
webapp.fulihui.org/home/task/detail/433?LC=WWW.BAIDU.COM    [PV一共有：1次]
webapp.fulihui.org/home/live/detail/135?LC=ASDWQQ_SDAW    [PV一共有：2次]
webapp.fulihui.org/home/live/detail/629?LC=WAQ_SS    [PV一共有：1次]
webapp.fulihui.org/home/coupon/detail/535?LC=ASDWQQ_SDAW    [PV一共有：1次]
webapp.fulihui.org/home/live/detail/700?LC=WAQ_SS    [PV一共有：1次]
webapp.fulihui.org/home/coupon/detail/971?LC=BU_SA    [PV一共有：1次]
webapp.fulihui.org/home/task/detail/245?LC=ASDWQQ_SDAW    [PV一共有：1次]
webapp.fulihui.org/home/task/detail/247?LC=WEI_XIN_WBY    [PV一共有：1次]
webapp.fulihui.org/home/task/detail/273?LC=WEI_XIN_WBY    [PV一共有：1次]
webapp.fulihui.org/home/task/detail/274?LC=LCK_WTA    [PV一共有：1次]
webapp.fulihui.org/home/live/detail/790?LC=LCK_WTA    [PV一共有：1次]
webapp.fulihui.org/home/task/detail/816?LC=ASD_SADA    [PV一共有：1次]
webapp.fulihui.org/home/task/detail/963?LC=null    [PV一共有：1次]
webapp.fulihui.org/home/task/detail/573?LC=ASDWQQ_SDAW    [PV一共有：1次]
webapp.fulihui.org/home/coupon/detail/321?LC=BU_SA    [PV一共有：1次]
webapp.fulihui.org/home/task/detail/781?LC=ASDWQQ_SDAW    [PV一共有：1次]
webapp.fulihui.org/home/task/detail/601?LC=LCK_WTA    [PV一共有：1次]
webapp.fulihui.org/home/task/detail/253?LC=null    [PV一共有：1次]
webapp.fulihui.org/home/live/detail/714?LC=DAWAW_SDAW    [PV一共有：1次]
webapp.fulihui.org/home/coupon/detail/172?LC=LCK_WTA    [PV一共有：1次]
webapp.fulihui.org/home/live/detail/663?LC=YAN_JIAN_KAI    [PV一共有：1次]
webapp.fulihui.org/home/coupon/detail/474?LC=WWW.BAIDU.COM    [PV一共有：1次]
webapp.fulihui.org/home/task/detail/867?LC=YAN_JIAN_KAI    [PV一共有：1次]
webapp.fulihui.org/home/coupon/detail/386?LC=WAQ_SS    [PV一共有：1次]
webapp.fulihui.org/home/live/detail/893?LC=WWW.BAIDU.COM    [PV一共有：1次]
webapp.fulihui.org/home/live/detail/743?LC=LCK_WTA    [PV一共有：1次]
webapp.fulihui.org/home/live/detail/216?LC=BU_SA    [PV一共有：1次]
webapp.fulihui.org/home/task/detail/973?LC=ASD_SADA    [PV一共有：1次]
webapp.fulihui.org/home/live/detail/901?LC=DAWAW_SDAW    [PV一共有：1次]
webapp.fulihui.org/home/live/detail/828?LC=YAN_JIAN_KAI    [PV一共有：1次]
webapp.fulihui.org/home/coupon/detail/394?LC=WWW.BAIDU.COM    [PV一共有：1次]
webapp.fulihui.org/home/coupon/detail/105?LC=WEI_XIN_WBY    [PV一共有：1次]
webapp.fulihui.org/home/task/detail/136?LC=YAN_JIAN_KAI    [PV一共有：1次]
webapp.fulihui.org/home/live/detail/503?LC=YAN_JIAN_KAI    [PV一共有：1次]
webapp.fulihui.org/home/live/detail/122?LC=LCK_WTA    [PV一共有：1次]
webapp.fulihui.org/home/coupon/detail/303?LC=BU_SA    [PV一共有：1次]
webapp.fulihui.org/home/live/detail/822?LC=null    [PV一共有：1次]
webapp.fulihui.org/home/task/detail/401?LC=null    [PV一共有：1次]
webapp.fulihui.org/home/coupon/detail/847?LC=BU_SA    [PV一共有：1次]
webapp.fulihui.org/home/coupon/detail/205?LC=BU_SA    [PV一共有：1次]
webapp.fulihui.org/home/task/detail/941?LC=LCK_WTA    [PV一共有：1次]
webapp.fulihui.org/home/live/detail/236?LC=YAN_JIAN_KAI    [PV一共有：1次]
webapp.fulihui.org/home/coupon/detail/462?LC=ASD_SADA    [PV一共有：1次]
webapp.fulihui.org/home/task/detail/730?LC=WAQ_SS    [PV一共有：1次]
webapp.fulihui.org/home/task/detail/780?LC=WEI_XIN_WBY    [PV一共有：1次]
webapp.fulihui.org/home/coupon/detail/299?LC=WEI_XIN_WBY    [PV一共有：1次]
webapp.fulihui.org/home/live/detail/931?LC=WWW.BAIDU.COM    [PV一共有：1次]
webapp.fulihui.org/home/coupon/detail/745?LC=WEI_XIN_WBY    [PV一共有：1次]
webapp.fulihui.org/home/live/detail/721?LC=YAN_JIAN_KAI    [PV一共有：1次]
webapp.fulihui.org/home/live/detail/519?LC=DAWAW_SDAW    [PV一共有：1次]
webapp.fulihui.org/home/coupon/detail/630?LC=SADQQ_DWW    [PV一共有：1次]
webapp.fulihui.org/home/live/detail/852?LC=ASDWQQ_SDAW    [PV一共有：1次]
webapp.fulihui.org/home/task/detail/106?LC=ASD_SADA    [PV一共有：1次]
webapp.fulihui.org/home/live/detail/582?LC=WWW.BAIDU.COM    [PV一共有：1次]
webapp.fulihui.org/home/task/detail/215?LC=BU_SA    [PV一共有：1次]
webapp.fulihui.org/home/live/detail/672?LC=LCK_WTA    [PV一共有：1次]
webapp.fulihui.org/home/live/detail/743?LC=WWW.BAIDU.COM    [PV一共有：1次]
webapp.fulihui.org/home/task/detail/548?LC=BU_SA    [PV一共有：1次]
webapp.fulihui.org/home/task/detail/998?LC=SADQQ_DWW    [PV一共有：1次]
webapp.fulihui.org/home/live/detail/666?LC=WAQ_SS    [PV一共有：1次]
webapp.fulihui.org/home/task/detail/197?LC=ASD_SADA    [PV一共有：1次]
webapp.fulihui.org/home/live/detail/967?LC=YAN_JIAN_KAI    [PV一共有：1次]
webapp.fulihui.org/home/live/detail/614?LC=LCK_WTA    [PV一共有：1次]
webapp.fulihui.org/home/live/detail/426?LC=ASD_SADA    [PV一共有：1次]
webapp.fulihui.org/home/live/detail/368?LC=LCK_WTA    [PV一共有：1次]
webapp.fulihui.org/home/coupon/detail/213?LC=DAWAW_SDAW    [PV一共有：1次]
webapp.fulihui.org/home/coupon/detail/995?LC=LCK_WTA    [PV一共有：1次]
webapp.fulihui.org/home/coupon/detail/904?LC=DAWAW_SDAW    [PV一共有：1次]
webapp.fulihui.org/home/task/detail/897?LC=ASDWQQ_SDAW    [PV一共有：1次]
webapp.fulihui.org/home/coupon/detail/606?LC=SADQQ_DWW    [PV一共有：1次]
webapp.fulihui.org/home/task/detail/829?LC=ASD_SADA    [PV一共有：1次]
webapp.fulihui.org/home/live/detail/471?LC=null    [PV一共有：1次]
webapp.fulihui.org/home/live/detail/497?LC=ASD_SADA    [PV一共有：1次]
webapp.fulihui.org/home/coupon/detail/547?LC=SADQQ_DWW    [PV一共有：1次]
webapp.fulihui.org/home/task/detail/891?LC=WEI_XIN_WBY    [PV一共有：1次]
webapp.fulihui.org/home/task/detail/228?LC=LCK_WTA    [PV一共有：1次]
webapp.fulihui.org/home/task/detail/815?LC=WEI_XIN_WBY    [PV一共有：1次]
webapp.fulihui.org/home/coupon/detail/854?LC=WAQ_SS    [PV一共有：1次]
webapp.fulihui.org/home/live/detail/246?LC=LCK_WTA    [PV一共有：1次]
webapp.fulihui.org/home/live/detail/362?LC=BU_SA    [PV一共有：1次]
webapp.fulihui.org/home/live/detail/564?LC=ASDWQQ_SDAW    [PV一共有：1次]
webapp.fulihui.org/home/live/detail/633?LC=null    [PV一共有：1次]
webapp.fulihui.org/home/task/detail/721?LC=WEI_XIN_WBY    [PV一共有：1次]
webapp.fulihui.org/home/task/detail/537?LC=WEI_XIN_WBY    [PV一共有：1次]
